<?xml version="1.0" encoding="UTF-8"?>
<!-- Generated by org.testng.reporters.JUnitReportReporter -->
<testsuite hostname="DESKTOP-4QG5HHP" failures="0" tests="2" name="execution.AmazonRunner" time="6.722" errors="0" timestamp="2024-01-03T08:40:09 IST" skipped="0">
  <testcase classname="execution.AmazonRunner" name="runScenario" time="2.634"/>
  <system-out/>
  <testcase classname="execution.AmazonRunner" name="runScenario" time="4.088"/>
  <system-out/>
</testsuite> <!-- execution.AmazonRunner -->
